1566794825866	mozrunner::runner	INFO	Running command: "D:\\火狐\\firefox.exe" "-marionette" "-foreground" "-no-remote" "-profile" "C:\\Users\\ahao\\AppData\\Local\\Temp\\rust_mozprofile.ckt8YDRwvAgO"
1566794858765	mozrunner::runner	INFO	Running command: "D:\\火狐\\firefox.exe" "-marionette" "-foreground" "-no-remote" "-profile" "C:\\Users\\ahao\\AppData\\Local\\Temp\\rust_mozprofile.3Qw8AWqPGgST"
1566794859578	addons.webextension.screenshots@mozilla.org	WARN	Loading extension 'screenshots@mozilla.org': Reading manifest: Invalid extension permission: mozillaAddons
1566794859578	addons.webextension.screenshots@mozilla.org	WARN	Loading extension 'screenshots@mozilla.org': Reading manifest: Invalid extension permission: telemetry
1566794859578	addons.webextension.screenshots@mozilla.org	WARN	Loading extension 'screenshots@mozilla.org': Reading manifest: Invalid extension permission: resource://pdf.js/
1566794859578	addons.webextension.screenshots@mozilla.org	WARN	Loading extension 'screenshots@mozilla.org': Reading manifest: Invalid extension permission: about:reader*
1566794861201	Marionette	INFO	Listening on port 7803
1566794861498	Marionette	WARN	TLS certificate errors will be ignored for this session
JavaScript error: https://passport.jd.com/new/misc/js/common_login_v20180829.js, line 1: TypeError: cT is null
JavaScript warning: https://cart.jd.com/js/cart.new.js?v=201801162217, line 954: unreachable code after return statement
JavaScript error: https://passport.jd.com/new/misc/js/common_login_v20180829.js, line 1: TypeError: cT is null
[Parent 3876, Gecko_IOThread] WARNING: pipe error: 109: file z:/task_1565706750/build/src/ipc/chromium/src/chrome/common/ipc_channel_win.cc, line 341
[Parent 3876, Gecko_IOThread] WARNING: pipe error: 109: file z:/task_1565706750/build/src/ipc/chromium/src/chrome/common/ipc_channel_win.cc, line 341
[Child 4608, Chrome_ChildThread] WARNING: pipe error: 109: file z:/task_1565706750/build/src/ipc/chromium/src/chrome/common/ipc_channel_win.cc, line 341
[Child 4608, Chrome_Chi[Parent 3876, Gecko_IOThread] WARNING: pipe error: 109: file z:/task_1565706750/build/src/ipc/chromium/src/chrome/common/ipc_channel_win.cc, line 341
[Child 22424, Chrome_ChildThread] WARNING: pipe error: 109: file z:/task_1565706750/build/src/ipc/chromium/src/chrome/common/ipc_channel_win.cc, line 341
[Child 22424, Chrome_ChildThread] W[Parent 3876, Gecko_IOThread] WARNING: pipe error: 109: file z:/task_1565706750/build/src/ipc/chromium/src/chrome/common/ipc_channel_win.cc, line 341
[Child 6388, Chrome_ChildThread] WARNING: pipe error: 109: file z:/task_1565706750/build/src/ipc/chromium/src/chrome/common/ipc_channel_win.cc, line 341
[Child 6388, C1566794886634	Marionette	INFO	Stopped listening on port 7803
[GPU 22368, Chr
###!!! [Child][MessageChannel::SendAndWait] Error: Channel error: cannot send/recv

1566794892940	mozrunner::runner	INFO	Running command: "D:\\火狐\\firefox.exe" "-marionette" "-foreground" "-no-remote" "-profile" "C:\\Users\\ahao\\AppData\\Local\\Temp\\rust_mozprofile.KTHP3MPKNloJ"
1566794893565	addons.webextension.screenshots@mozilla.org	WARN	Loading extension 'screenshots@mozilla.org': Reading manifest: Invalid extension permission: mozillaAddons
1566794893565	addons.webextension.screenshots@mozilla.org	WARN	Loading extension 'screenshots@mozilla.org': Reading manifest: Invalid extension permission: telemetry
1566794893566	addons.webextension.screenshots@mozilla.org	WARN	Loading extension 'screenshots@mozilla.org': Reading manifest: Invalid extension permission: resource://pdf.js/
1566794893566	addons.webextension.screenshots@mozilla.org	WARN	Loading extension 'screenshots@mozilla.org': Reading manifest: Invalid extension permission: about:reader*
1566794895276	Marionette	INFO	Listening on port 7910
1566794895669	Marionette	WARN	TLS certificate errors will be ignored for this session
JavaScript error: https://passport.jd.com/new/misc/js/common_login_v20180829.js, line 1: TypeError: cT is null
[Parent 7304, Gecko_IOThread] WARNING: pipe error: 109: file z:/task_1565706750/build/src/ipc/chromium/src/chrome/common/ipc_channel_win.cc, line 341
JavaScript warning: https://cart.jd.com/js/cart.new.js?v=201801162217, line 954: unreachable code after return statement
JavaScript error: https://passport.jd.com/new/misc/js/common_login_v20180829.js, line 1: TypeError: cT is null
JavaScript error: https://lapi.jd.com/locate?callback=jQuery7461469&source=public&_=1566794921154, line 1: TypeError: jQuery7461469 is not a function
[Child 10368, Chrome_ChildThread] WARNING: pipe error: 109: file z:/task_1565706750/build/src/ipc/chromium/src/chrome/common/ipc_channel_win.cc, line 341
[Child 10368, Chrome_ChildThread] WARNING: pipe erro[Child 3352, Chrome_ChildThread] WARNING: pipe error: 109: file z:/task_1565706750/build/src/ipc/chromium/src/chrome/common/ipc_channel_win.cc, line 341
[Child 3352[Parent 7304, Gecko_IOThread] WARNING: pipe error: 109: file z:/task_1565706750/build/src/ipc/chromium/src/chrome/common/ipc_channel_win.cc, line 341
[Child 16456, Chrome_ChildThread] WARNING: pipe error: 109: file z:/task_1565706750/build/src/ipc/chromium/src/chrome/common/ipc_channel_win.cc, line 341
[Child 164561566794941937	Marionette	INFO	Stopped listening on port 7910
[
###!!! [Child][MessageChannel::SendAndWait] Error: Channel error: cannot send/recv

1566794947584	mozrunner::runner	INFO	Running command: "D:\\火狐\\firefox.exe" "-marionette" "-foreground" "-no-remote" "-profile" "C:\\Users\\ahao\\AppData\\Local\\Temp\\rust_mozprofile.O5lHaVsgafmb"
1566794948204	addons.webextension.screenshots@mozilla.org	WARN	Loading extension 'screenshots@mozilla.org': Reading manifest: Invalid extension permission: mozillaAddons
1566794948204	addons.webextension.screenshots@mozilla.org	WARN	Loading extension 'screenshots@mozilla.org': Reading manifest: Invalid extension permission: telemetry
1566794948204	addons.webextension.screenshots@mozilla.org	WARN	Loading extension 'screenshots@mozilla.org': Reading manifest: Invalid extension permission: resource://pdf.js/
1566794948204	addons.webextension.screenshots@mozilla.org	WARN	Loading extension 'screenshots@mozilla.org': Reading manifest: Invalid extension permission: about:reader*
1566794949787	Marionette	INFO	Listening on port 8013
1566794949806	Marionette	WARN	TLS certificate errors will be ignored for this session
JavaScript error: https://passport.jd.com/new/misc/js/common_login_v20180829.js, line 1: TypeError: cT is null
[Parent 14564, Gecko_IOThread] WARNING: pipe error: 109: file z:/task_1565706750/build/src/ipc/chromium/src/chrome/common/ipc_channel_win.cc, line 341
JavaScript warning: https://cart.jd.com/js/cart.new.js?v=201801162217, line 954: unreachable code after return statement
JavaScript error: https://passport.jd.com/new/misc/js/common_login_v20180829.js, line 1: TypeError: cT is null
[Child 21780, Chrome_ChildThread] WARNING: pipe error: 109: file z:/task_1565706750/build/src/ipc/chromium/src/chrome/common/ipc_channel_win.cc, line 341
[Child 21780, Chrome_ChildThread] WARNING: pipe error: 10[Parent 14564, Gecko_IOThread] WARNING: pipe error: 109: file z:/task_1565706750/build/src/ipc/chromium/src/chrome/common/ipc_channel_win.cc, line 341
[Child 6324, Chrome_ChildThread] WARNING: pipe error: 109: file z:/task_1565706750/build/src/ipc/chromium/src/chrome/common/ipc_channel_win.cc, line 341
[Child 6324, Chr[Parent 14564, Gecko_IOThread] WARNING: pipe error: 109: file z:/task_1565706750/build/src/ipc/chromium/src/chrome/common/ipc_channel_win.cc, line 341
[Child 21580, Chrome_ChildThread] WARNING: pipe error: 109: file z:/task_1565706750/build/src/ipc/chromium/src/chrome/common/ipc_channel_win.cc, line 341
[Child 21580, 1566794975501	Marionette	INFO	Stopped listening on port 8013
[GPU 9664, Ch
###!!! [Child][RunMessage] Error: Channel closing: too late to send/recv, messages will be lost

ro
###!!! [Child][MessageChannel::SendAndWait] Error: Channel error: cannot send/recv

1569627984776	mozrunner::runner	INFO	Running command: "D:\\火狐\\firefox.exe" "-marionette" "-foreground" "-no-remote" "-profile" "C:\\Users\\ahao\\AppData\\Local\\Temp\\rust_mozprofile.xEUwxlFPBY3v"
1569627988146	addons.webextension.screenshots@mozilla.org	WARN	Loading extension 'screenshots@mozilla.org': Reading manifest: Invalid extension permission: mozillaAddons
1569627988146	addons.webextension.screenshots@mozilla.org	WARN	Loading extension 'screenshots@mozilla.org': Reading manifest: Invalid extension permission: telemetry
1569627988146	addons.webextension.screenshots@mozilla.org	WARN	Loading extension 'screenshots@mozilla.org': Reading manifest: Invalid extension permission: resource://pdf.js/
1569627988146	addons.webextension.screenshots@mozilla.org	WARN	Loading extension 'screenshots@mozilla.org': Reading manifest: Invalid extension permission: about:reader*
1569627991352	Marionette	INFO	Listening on port 2358
1569627991627	Marionette	WARN	TLS certificate errors will be ignored for this session
JavaScript warning: http://static.cltt.org/scbm/js/jquery/jquery.min-1.9.1.js?v=1, line 2: Using //@ to indicate sourceMappingURL pragmas is deprecated. Use //# instead
JavaScript warning: http://static.cltt.org/scbm/js/jquery/jquery.min-1.9.1.js?v=1, line 2: Using //@ to indicate sourceMappingURL pragmas is deprecated. Use //# instead
console.warn: "Error while detaching the thread front: 'detach' request packet to 'server1.conn0.child1/context18' can't be sent as the connection is closed."
[Parent 15596, Gecko_IOThread] WARNING: pipe error: 109: file z:/task_1565706750/build/src/ipc/chromium/src/chrome/common/ipc_channel_win.cc, line 341
JavaScript warning: http://static.cltt.org/scbm/js/jquery/jquery.min-1.9.1.js?v=1, line 2: Using //@ to indicate sourceMappingURL pragmas is deprecated. Use //# instead
WebGL(000001E73D132000)::ForceLoseContext
WebGL(000001E73D126000)::ForceLoseContext
[Parent 15596, Gecko_IOThread] WARNING: pipe error: 109: file z:/task_1565706750/build/src/ipc/chromium/src/chrome/common/ipc_channel_win.cc, line 341
[Parent 15596, Gecko_IOThread] WARNING: pipe error: 109: file z:/task_1565706750/build/src/ipc/chromium/src/chrome/common/ipc_channel_win.cc, line 341
[Child 4408, Chrome_ChildThread] WARNING: pipe error: 109: file z:/task_1565706750/build/src/ipc/chromium/src/chrome/common/ipc_channel_win.cc, line 341
[Child 4408, Chrome_ChildThread] WARNING: pi[Child 2656, Chrome_ChildThread] WARNING: pipe error: 109: file z:/task_1565706750/build/src/ipc/chromium/src/chrome/common/ipc_channel_win.cc, line 341
[Child 2656, Chrome_C[Parent 15596, Gecko_IOThread] WARNING: pipe error: 109: file z:/task_1565706750/build/src/ipc/chromium/src/chrome/common/ipc_channel_win.cc, line 341
[Child 14920, Chrome_ChildThread] WARNING: pipe error: 109: file z:/task_1565706750/build/src/ipc/chromium/src/chrome/common/ipc_channel_win.cc, line 341
[Child 14920, Chrome_Chi1569628715742	Marionette	INFO	Stopped listening on port 2358
[GPU 7824, Chrome_
###!!! [Child][RunMessage] Error: Channel closing: too late to send/recv, messages will be lost

ChildThread] WA
###!!! [Child][MessageChannel::SendAndWait] Error: Channel error: cannot send/recv

win.cc, line 341
[Parent 7776, Gecko_IOThread] WARNING: pipe error: 109: file z:/task_1565706750/build/src/ipc/chromium/src/chrome/common/ipc_channel_win.cc, line 341
[Child 10548, Chrome_ChildThread] WARNING: pipe error: 109: file z:/task_1565706750/build/src/ipc/chromium/src/chrome/common/ipc_channel_win.cc, line 341
[Child 10548, Chrome_ChildThread] WAR[Child 16616, Chrome_ChildThread] WARNING: pipe error: 109: file z:/task_1565706750/build/src/ipc/chromium/src/chrome/common/ipc_channel_win.cc, line 341
[Child 16616, Chrome_ChildThread] WARNING: pipe error:[Parent 7776, Gecko_IOThread] WARNING: pipe error: 109: file z:/task_1565706750/build/src/ipc/chromium/src/chrome/common/ipc_channel_win.cc, line 341
[Child 13356, Chrome_ChildThread] WARNING: pipe error: 109: file z:/task_1565706750/build/src/ipc/chromium/src/chrome/common/ipc_channel_win.cc, line 341
[Child 13356, Chrome_ChildThread] WA1569628656200	Marionette	INFO	Stopped listening on port 2581

###!!! [Child][RunMessage] Error: Channel closing: too late to send/recv, messages will be lost

[GPU 10156, Chr
###!!! [Child][MessageChannel::SendAndWait] Error: Channel error: cannot send/recv

1569629563206	mozrunner::runner	INFO	Running command: "D:\\火狐\\firefox.exe" "-marionette" "-foreground" "-no-remote" "-profile" "C:\\Users\\ahao\\AppData\\Local\\Temp\\rust_mozprofile.PRpIkZOYe7Ej"
1569629563703	addons.webextension.screenshots@mozilla.org	WARN	Loading extension 'screenshots@mozilla.org': Reading manifest: Invalid extension permission: mozillaAddons
1569629563703	addons.webextension.screenshots@mozilla.org	WARN	Loading extension 'screenshots@mozilla.org': Reading manifest: Invalid extension permission: telemetry
1569629563704	addons.webextension.screenshots@mozilla.org	WARN	Loading extension 'screenshots@mozilla.org': Reading manifest: Invalid extension permission: resource://pdf.js/
1569629563704	addons.webextension.screenshots@mozilla.org	WARN	Loading extension 'screenshots@mozilla.org': Reading manifest: Invalid extension permission: about:reader*
1569629565009	Marionette	INFO	Listening on port 2991
1569629565217	Marionette	WARN	TLS certificate errors will be ignored for this session
JavaScript warning: http://static.cltt.org/scbm/js/jquery/jquery.min-1.9.1.js?v=1, line 2: Using //@ to indicate sourceMappingURL pragmas is deprecated. Use //# instead
WebGL(00000168B2DD0800)::ForceLoseContext
JavaScript warning: http://static.cltt.org/scbm/js/jquery/jquery.min-1.9.1.js?v=1, line 2: Using //@ to indicate sourceMappingURL pragmas is deprecated. Use //# instead
WebGL(00000168A4676000)::ForceLoseContext
WebGL(00000168B2D53800)::ForceLoseContext
[Parent 9552, Gecko_IOThread] WARNING: pipe error: 109: file z:/task_1565706750/build/src/ipc/chromium/src/chrome/common/ipc_channel_win.cc, line 341
[Parent 9552, Gecko_IOThread] WARNING: pipe error: 109: file z:/task_1565706750/build/src/ipc/chromium/src/chrome/common/ipc_channel_win.cc, line 341
[Child 10264, Chrome_ChildThread] WARNING: pipe error: 109: file z:/task_1565706750/build/src/ipc/chromium/src/chrome/common/ipc_channel_win.cc, line 341
[Child 10264, Chrome_ChildThrea[Child 8228, Chrome_ChildThread] WARNING: pipe error: 109: file z:/task_1565706750/build/src/ipc/chromium/src/chrome/common/ipc_channel_win.cc, line 341
[Child 8228, Chrome_ChildThr[Parent 9552, Gecko_IOThread] WARNING: pipe error: 109: file z:/task_1565706750/build/src/ipc/chromium/src/chrome/common/ipc_channel_win.cc, line 341
[Child 3628, Chrome_ChildThread] WARNING: pipe error: 109: file z:/task_1565706750/build/src/ipc/chromium/src/chrome/common/ipc_channel_win.cc, line 341
[Child 3628, Chrome_ChildThread] 1569629587853	Marionette	INFO	Stopped listening on port 2991

###!!! [Child][MessageChannel::SendAndWait] Error: Channel error: cannot send/recv

